This is pdfTeXk, Version 3.141592-1.40.3 (Web2C 7.5.6) (format=pdflatex 2012.8.22)  14 DEC 2012 20:48
entering extended mode
 %&-line parsing enabled.
**final_report
(./final_report.tex
LaTeX2e <2005/12/01>
Babel <v3.8h> and hyphenation patterns for english, usenglishmax, dumylang, noh
yphenation, arabic, basque, bulgarian, coptic, welsh, czech, slovak, german, ng
erman, danish, esperanto, spanish, catalan, galician, estonian, farsi, finnish,
 french, greek, monogreek, ancientgreek, croatian, hungarian, interlingua, ibyc
us, indonesian, icelandic, italian, latin, mongolian, dutch, norsk, polish, por
tuguese, pinyin, romanian, russian, slovenian, uppersorbian, serbian, swedish, 
turkish, ukenglish, ukrainian, loaded.
(/usr/share/texmf/tex/latex/base/article.cls
Document Class: article 2005/09/16 v1.4f Standard LaTeX document class
(/usr/share/texmf/tex/latex/base/size10.clo
File: size10.clo 2005/09/16 v1.4f Standard LaTeX file (size option)
)
\c@part=\count79
\c@section=\count80
\c@subsection=\count81
\c@subsubsection=\count82
\c@paragraph=\count83
\c@subparagraph=\count84
\c@figure=\count85
\c@table=\count86
\abovecaptionskip=\skip41
\belowcaptionskip=\skip42
\bibindent=\dimen102
)
(/usr/share/texmf/tex/latex/graphics/graphicx.sty
Package: graphicx 1999/02/16 v1.0f Enhanced LaTeX Graphics (DPC,SPQR)

(/usr/share/texmf/tex/latex/graphics/keyval.sty
Package: keyval 1999/03/16 v1.13 key=value parser (DPC)
\KV@toks@=\toks14
)
(/usr/share/texmf/tex/latex/graphics/graphics.sty
Package: graphics 2006/02/20 v1.0o Standard LaTeX Graphics (DPC,SPQR)

(/usr/share/texmf/tex/latex/graphics/trig.sty
Package: trig 1999/03/16 v1.09 sin cos tan (DPC)
)
(/usr/share/texmf/tex/latex/config/graphics.cfg
File: graphics.cfg 2007/01/18 v1.5 graphics configuration of teTeX/TeXLive
)
Package graphics Info: Driver file: pdftex.def on input line 90.

(/usr/share/texmf/tex/latex/pdftex-def/pdftex.def
File: pdftex.def 2007/01/08 v0.04d Graphics/color for pdfTeX
\Gread@gobject=\count87
))
\Gin@req@height=\dimen103
\Gin@req@width=\dimen104
)
(/usr/share/texmf/tex/latex/caption/caption.sty
Package: caption 2007/01/07 v3.0k Customising captions (AR)

(/usr/share/texmf/tex/latex/caption/caption3.sty
Package: caption3 2007/01/07 v3.0k caption3 kernel (AR)
\captionmargin=\dimen105
\captionmarginx=\dimen106
\captionwidth=\dimen107
\captionindent=\dimen108
\captionparindent=\dimen109
\captionhangindent=\dimen110
))
(/usr/share/texmf/tex/latex/subfigure/subfigure.sty
Package: subfigure 2002/03/15 v2.1.5 subfigure package
\subfigtopskip=\skip43
\subfigcapskip=\skip44
\subfigcaptopadj=\dimen111
\subfigbottomskip=\skip45
\subfigcapmargin=\dimen112
\subfiglabelskip=\skip46
\c@subfigure=\count88
\c@lofdepth=\count89
\c@subtable=\count90
\c@lotdepth=\count91

****************************************
* Local config file subfigure.cfg used *
****************************************
(/usr/share/texmf/tex/latex/subfigure/subfigure.cfg)
\subfig@top=\skip47
\subfig@bottom=\skip48
)
(/usr/share/texmf/tex/latex/amsmath/amsmath.sty
Package: amsmath 2000/07/18 v2.13 AMS math features
\@mathmargin=\skip49

For additional information on amsmath, use the `?' option.
(/usr/share/texmf/tex/latex/amsmath/amstext.sty
Package: amstext 2000/06/29 v2.01

(/usr/share/texmf/tex/latex/amsmath/amsgen.sty
File: amsgen.sty 1999/11/30 v2.0
\@emptytoks=\toks15
\ex@=\dimen113
))
(/usr/share/texmf/tex/latex/amsmath/amsbsy.sty
Package: amsbsy 1999/11/29 v1.2d
\pmbraise@=\dimen114
)
(/usr/share/texmf/tex/latex/amsmath/amsopn.sty
Package: amsopn 1999/12/14 v2.01 operator names
)
\inf@bad=\count92
LaTeX Info: Redefining \frac on input line 211.
\uproot@=\count93
\leftroot@=\count94
LaTeX Info: Redefining \overline on input line 307.
\classnum@=\count95
\DOTSCASE@=\count96
LaTeX Info: Redefining \ldots on input line 379.
LaTeX Info: Redefining \dots on input line 382.
LaTeX Info: Redefining \cdots on input line 467.
\Mathstrutbox@=\box26
\strutbox@=\box27
\big@size=\dimen115
LaTeX Font Info:    Redeclaring font encoding OML on input line 567.
LaTeX Font Info:    Redeclaring font encoding OMS on input line 568.
\macc@depth=\count97
\c@MaxMatrixCols=\count98
\dotsspace@=\muskip10
\c@parentequation=\count99
\dspbrk@lvl=\count100
\tag@help=\toks16
\row@=\count101
\column@=\count102
\maxfields@=\count103
\andhelp@=\toks17
\eqnshift@=\dimen116
\alignsep@=\dimen117
\tagshift@=\dimen118
\tagwidth@=\dimen119
\totwidth@=\dimen120
\lineht@=\dimen121
\@envbody=\toks18
\multlinegap=\skip50
\multlinetaggap=\skip51
\mathdisplay@stack=\toks19
LaTeX Info: Redefining \[ on input line 2666.
LaTeX Info: Redefining \] on input line 2667.
)
(/usr/share/texmf/tex/latex/float/float.sty
Package: float 2001/11/08 v1.3d Float enhancements (AL)
\c@float@type=\count104
\float@exts=\toks20
\float@box=\box28
\@float@everytoks=\toks21
\@floatcapt=\box29
)
(/usr/share/texmf/tex/latex/lipsum/lipsum.sty
Package: lipsum 2005/01/26 v1.0 150 paragraphs of Lorem Ipsum dummy text
File: lipsum.dtx 2005/01/26 v1.0 150 paragraphs of Lorem Ipsum dummy text
\c@lips@count=\count105
)
(/usr/share/texmf/tex/latex/geometry/geometry.sty
Package: geometry 2002/07/08 v3.2 Page Geometry
\Gm@cnth=\count106
\Gm@cntv=\count107
\c@Gm@tempcnt=\count108
\Gm@bindingoffset=\dimen122
\Gm@wd@mp=\dimen123
\Gm@odd@mp=\dimen124
\Gm@even@mp=\dimen125
\Gm@dimlist=\toks22
)
(/usr/share/texmf/tex/latex/tools/multicol.sty
Package: multicol 2006/05/18 v1.6g multicolumn formatting (FMi)
\c@tracingmulticols=\count109
\mult@box=\box30
\multicol@leftmargin=\dimen126
\c@unbalance=\count110
\c@collectmore=\count111
\doublecol@number=\count112
\multicoltolerance=\count113
\multicolpretolerance=\count114
\full@width=\dimen127
\page@free=\dimen128
\premulticols=\dimen129
\postmulticols=\dimen130
\multicolsep=\skip52
\multicolbaselineskip=\skip53
\partial@page=\box31
\last@line=\box32
\mult@rightbox=\box33
\mult@grightbox=\box34
\mult@gfirstbox=\box35
\mult@firstbox=\box36
\@tempa=\box37
\@tempa=\box38
\@tempa=\box39
\@tempa=\box40
\@tempa=\box41
\@tempa=\box42
\@tempa=\box43
\@tempa=\box44
\@tempa=\box45
\@tempa=\box46
\@tempa=\box47
\@tempa=\box48
\@tempa=\box49
\@tempa=\box50
\@tempa=\box51
\@tempa=\box52
\@tempa=\box53
\c@columnbadness=\count115
\c@finalcolumnbadness=\count116
\last@try=\dimen131
\multicolovershoot=\dimen132
\multicolundershoot=\dimen133
\mult@nat@firstbox=\box54
\colbreak@box=\box55
)
(/usr/share/texmf/tex/latex/abstract/abstract.sty
Package: abstract 2001/02/11 v1.1 configurable abstracts
\abstitleskip=\skip54
\absleftindent=\skip55
\absrightindent=\skip56
\absparindent=\skip57
\absparsep=\skip58
)
(/usr/share/texmf/tex/latex/tools/indentfirst.sty
Package: indentfirst 1995/11/23 v1.03 Indent first paragraph (DPC)
) (./final_report.aux)
\openout1 = `final_report.aux'.

LaTeX Font Info:    Checking defaults for OML/cmm/m/it on input line 22.
LaTeX Font Info:    ... okay on input line 22.
LaTeX Font Info:    Checking defaults for T1/cmr/m/n on input line 22.
LaTeX Font Info:    ... okay on input line 22.
LaTeX Font Info:    Checking defaults for OT1/cmr/m/n on input line 22.
LaTeX Font Info:    ... okay on input line 22.
LaTeX Font Info:    Checking defaults for OMS/cmsy/m/n on input line 22.
LaTeX Font Info:    ... okay on input line 22.
LaTeX Font Info:    Checking defaults for OMX/cmex/m/n on input line 22.
LaTeX Font Info:    ... okay on input line 22.
LaTeX Font Info:    Checking defaults for U/cmr/m/n on input line 22.
LaTeX Font Info:    ... okay on input line 22.

(/usr/share/texmf/tex/latex/ragged2e/ragged2e.sty
Package: ragged2e 2003/03/25 v2.04 ragged2e Package (MS)

(/usr/share/texmf/tex/latex/everysel/everysel.sty
Package: everysel 1999/06/08 v1.03 EverySelectfont Package (MS)
LaTeX Info: Redefining \selectfont on input line 125.
)
\CenteringLeftskip=\skip59
\RaggedLeftLeftskip=\skip60
\RaggedRightLeftskip=\skip61
\CenteringRightskip=\skip62
\RaggedLeftRightskip=\skip63
\RaggedRightRightskip=\skip64
\CenteringParfillskip=\skip65
\RaggedLeftParfillskip=\skip66
\RaggedRightParfillskip=\skip67
\JustifyingParfillskip=\skip68
\CenteringParindent=\skip69
\RaggedLeftParindent=\skip70
\RaggedRightParindent=\skip71
\JustifyingParindent=\skip72
)
Package caption Info: float package v1.3 (or newer) detected on input line 22.
-------------------- Geometry parameters
paper: class default
landscape: --
twocolumn: --
twoside: --
asymmetric: --
h-parts: 72.26999pt, 469.75502pt, 72.26999pt
v-parts: 72.26999pt, 650.43001pt, 72.26999pt
hmarginratio: --
vmarginratio: --
lines: --
heightrounded: --
bindingoffset: 0.0pt
truedimen: --
includehead: --
includefoot: --
includemp: --
driver: pdftex
-------------------- Page layout dimensions and switches
\paperwidth  614.295pt
\paperheight 794.96999pt
\textwidth  469.75502pt
\textheight 650.43001pt
\oddsidemargin  0.0pt
\evensidemargin 0.0pt
\topmargin  -37.0pt
\headheight 12.0pt
\headsep    25.0pt
\footskip   30.0pt
\marginparwidth 65.0pt
\marginparsep   11.0pt
\columnsep  21.68121pt
\skip\footins  9.0pt plus 4.0pt minus 2.0pt
\hoffset 0.0pt
\voffset 0.0pt
\mag 1000

(1in=72.27pt, 1cm=28.45pt)
-----------------------
 (./abstract.tex)
(./introduction.tex) <HLD.png, id=1, 369.81914pt x 144.82231pt>
File: HLD.png Graphic file (type png)
 <use HLD.png>
[1

{/var/lib/texmf/fonts/map/pdftex/updmap/pdftex.map}] (./contributions.tex)
(./technical_solution.tex (./summary.tex) (./details.tex (./shot_detection.tex
Overfull \hbox (6.88188pt too wide) detected at line 13
\OML/cmm/m/it/10 CHD[] \OT1/cmr/m/n/10 = []\OML/cmm/m/it/10 : [] [] [] \OMS/cms
y/m/n/10 j \OML/cmm/m/it/10 p[]\OT1/cmr/m/n/10 (\OML/cmm/m/it/10 r; g; b\OT1/cm
r/m/n/10 ) \OMS/cmsy/m/n/10 ^^@ \OML/cmm/m/it/10 p[]\OT1/cmr/m/n/10 (\OML/cmm/m
/it/10 r; g; b\OT1/cmr/m/n/10 ) \OMS/cmsy/m/n/10 j
 []

[2 <./HLD.png (PNG copy)>]
Missing character: There is no ’ in font cmr10!
 <shota.png, id=19, 219.82124pt x 134.75343pt>
File: shota.png Graphic file (type png)

<use shota.png> <shotb.png, id=20, 222.8325pt x 134.75343pt>
File: shotb.png Graphic file (type png)
 <use shotb.png>
<shotc.png, id=21, 168.63pt x 133.24782pt>
File: shotc.png Graphic file (type png)
 <use shotc.png>
<shotd.png, id=22, 159.59625pt x 133.24782pt>
File: shotd.png Graphic file (type png)
 <use shotd.png>)
(./homography_calc.tex) (./vis_qual_calc.tex [3 <./shota.png (PNG copy)> <./sho
tb.png (PNG copy)> <./shotc.png (PNG copy)> <./shotd.png (PNG copy)>]
<pyramidStructure.jpg, id=30, 635.37375pt x 483.30562pt>
File: pyramidStructure.jpg Graphic file (type jpg)

<use pyramidStructure.jpg> <cityOriginal.jpg, id=31, 1606.0pt x 1003.75pt>
File: cityOriginal.jpg Graphic file (type jpg)

<use cityOriginal.jpg> <cityBlurry.jpg, id=32, 1204.5pt x 752.8125pt>
File: cityBlurry.jpg Graphic file (type jpg)

<use cityBlurry.jpg> <tiffanyOriginal.jpg, id=33, 385.44pt x 385.44pt>
File: tiffanyOriginal.jpg Graphic file (type jpg)

<use tiffanyOriginal.jpg> <tiffanyBlocky.jpg, id=34, 385.44pt x 385.44pt>
File: tiffanyBlocky.jpg Graphic file (type jpg)

<use tiffanyBlocky.jpg> [4 <./pyramidStructure.jpg> <./cityOriginal.jpg> <./cit
yBlurry.jpg> <./tiffanyOriginal.jpg> <./tiffanyBlocky.jpg>])
(./panorama_disc.tex
Missing character: There is no “ in font cmr10!
Missing character: There is no ” in font cmr10!


LaTeX Warning: Command \o invalid in math mode on input line 53.

[5] <referenceFrame.jpg, id=41, 608.2725pt x 160.34906pt>
File: referenceFrame.jpg Graphic file (type jpg)

<use referenceFrame.jpg>
Overfull \hbox (19.26779pt too wide) in paragraph at lines 186--188
 [][] 
 []

[6]) (./image_stitch.tex))) (./experiments.tex (./panorama_disc_exp.tex
[7 <./referenceFrame.jpg>] <archPan1.jpg, id=50, 1637.11626pt x 269.005pt>
File: archPan1.jpg Graphic file (type jpg)

<use archPan1.jpg> <archPan2.jpg, id=51, 1415.2875pt x 786.94pt>
File: archPan2.jpg Graphic file (type jpg)

<use archPan2.jpg>
Overfull \hbox (20.60616pt too wide) in paragraph at lines 20--26
 [][] 
 []


Overfull \hbox (20.60811pt too wide) in paragraph at lines 20--26
 [] 
 []

<vancouverPan1.jpg, id=52, 2988.16376pt x 451.6875pt>
File: vancouverPan1.jpg Graphic file (type jpg)
 <use vancouverPan1.jpg>
<vancouverPan2.jpg, id=53, 2047.65pt x 421.575pt>
File: vancouverPan2.jpg Graphic file (type jpg)
 <use vancouverPan2.jpg>
Overfull \hbox (20.59029pt too wide) in paragraph at lines 35--41
 [][] 
 []


Overfull \hbox (20.60902pt too wide) in paragraph at lines 35--41
 [] 
 []

) [8 <./archPan1.jpg> <./archPan2.jpg> <./vancouverPan1.jpg> <./vancouverPan2.j
pg>] <withoutFilter.jpg, id=57, 508.14844pt x 215.30438pt>
File: withoutFilter.jpg Graphic file (type jpg)

<use withoutFilter.jpg> <withFilter.jpg, id=58, 498.36188pt x 215.30438pt>
File: withFilter.jpg Graphic file (type jpg)

<use withFilter.jpg> (./blending_exp.tex)) (./conclusions.tex)
(./references.tex
Underfull \hbox (badness 10000) in paragraph at lines 18--20
[]\OT1/cmr/m/n/10 David Lowe. SIFT Key-point De-tec-tor.
 []


Overfull \hbox (26.96368pt too wide) in paragraph at lines 21--23
\OT1/cmr/m/n/10 http://www.youtube.com/watch?v$=$ZMbr8uRk3nM. 
 []


Underfull \hbox (badness 10000) in paragraph at lines 24--26
[]\OT1/cmr/m/n/10 Jericho Beach in Van-cou-ver British
 []


Overfull \hbox (27.65811pt too wide) in paragraph at lines 24--26
\OT1/cmr/m/n/10 http://www.youtube.com/watch?v$=$BrUgzmgDVw8. 
 []

) [9 <./withoutFilter.jpg> <./withFilter.jpg>] (./final_report.aux) ) 
Here is how much of TeX's memory you used:
 2704 strings out of 256216
 37120 string characters out of 1917072
 197629 words of memory out of 1500000
 5914 multiletter control sequences out of 10000+200000
 9667 words of font info for 35 fonts, out of 1200000 for 2000
 645 hyphenation exceptions out of 8191
 35i,7n,38p,1013b,349s stack positions out of 5000i,500n,6000p,200000b,15000s
</usr/shar
e/texmf/fonts/type1/bluesky/cm/cmbx10.pfb></usr/share/texmf/fonts/type1/bluesky
/cm/cmbx12.pfb></usr/share/texmf/fonts/type1/bluesky/cm/cmex10.pfb></usr/share/
texmf/fonts/type1/bluesky/cm/cmmi10.pfb></usr/share/texmf/fonts/type1/bluesky/c
m/cmmi5.pfb></usr/share/texmf/fonts/type1/bluesky/cm/cmmi7.pfb></usr/share/texm
f/fonts/type1/bluesky/cm/cmr10.pfb></usr/share/texmf/fonts/type1/bluesky/cm/cmr
12.pfb></usr/share/texmf/fonts/type1/bluesky/cm/cmr17.pfb></usr/share/texmf/fon
ts/type1/bluesky/cm/cmr5.pfb></usr/share/texmf/fonts/type1/bluesky/cm/cmr7.pfb>
</usr/share/texmf/fonts/type1/bluesky/cm/cmr8.pfb></usr/share/texmf/fonts/type1
/bluesky/cm/cmsy10.pfb></usr/share/texmf/fonts/type1/bluesky/cm/cmsy7.pfb></usr
/share/texmf/fonts/type1/bluesky/cm/cmti9.pfb>
Output written on final_report.pdf (9 pages, 1613490 bytes).
PDF statistics:
 109 PDF objects out of 1000 (max. 8388607)
 0 named destinations out of 1000 (max. 131072)
 86 words of extra memory for PDF output out of 10000 (max. 10000000)

